# JRE version: Java(TM) SE Runtime Environment (7.0_80-b15) (build 1.7.0_80-b15)
# Java VM: Java HotSpot(TM) Server VM (24.80-b11 mixed mode linux-x86 )
Heap
 par new generation   total 118016K, used 117471K [0x86800000, 0x8e800000, 0x8e800000)
  eden space 104960K, 100% used [0x86800000, 0x8ce80000, 0x8ce80000)
  from space 13056K,  95% used [0x8ce80000, 0x8dab7f20, 0x8db40000)
  to   space 13056K, 100% used [0x8db40000, 0x8e800000, 0x8e800000)
 concurrent mark-sweep generation total 393216K, used 353614K [0x8e800000, 0xa6800000, 0xa6800000)
 concurrent-mark-sweep perm gen total 157160K, used 92036K [0xa6800000, 0xb017a000, 0xb3000000)
GC Heap History (10 events):
Event: 27006.576 GC heap after
Heap after GC invocations=3419 (full 36):
 par new generation   total 118016K, used 7683K [0x86800000, 0x8e800000, 0x8e800000)
  eden space 104960K,   0% used [0x86800000, 0x86800000, 0x8ce80000)
  from space 13056K,  58% used [0x8ce80000, 0x8d600f38, 0x8db40000)
  to   space 13056K,   0% used [0x8db40000, 0x8db40000, 0x8e800000)
 concurrent mark-sweep generation total 393216K, used 326278K [0x8e800000, 0xa6800000, 0xa6800000)
 concurrent-mark-sweep perm gen total 157160K, used 92002K [0xa6800000, 0xb017a000, 0xb3000000)
}
Event: 27008.948 GC heap before
{Heap before GC invocations=3419 (full 36):
 par new generation   total 118016K, used 112643K [0x86800000, 0x8e800000, 0x8e800000)
  eden space 104960K, 100% used [0x86800000, 0x8ce80000, 0x8ce80000)
  from space 13056K,  58% used [0x8ce80000, 0x8d600f38, 0x8db40000)
  to   space 13056K,   0% used [0x8db40000, 0x8db40000, 0x8e800000)
 concurrent mark-sweep generation total 393216K, used 326278K [0x8e800000, 0xa6800000, 0xa6800000)
 concurrent-mark-sweep perm gen total 157160K, used 92002K [0xa6800000, 0xb017a000, 0xb3000000)
Event: 27009.160 GC heap after
Heap after GC invocations=3420 (full 36):
 par new generation   total 118016K, used 13056K [0x86800000, 0x8e800000, 0x8e800000)
  eden space 104960K,   0% used [0x86800000, 0x86800000, 0x8ce80000)
  from space 13056K, 100% used [0x8db40000, 0x8e800000, 0x8e800000)
  to   space 13056K,   0% used [0x8ce80000, 0x8ce80000, 0x8db40000)
 concurrent mark-sweep generation total 393216K, used 346785K [0x8e800000, 0xa6800000, 0xa6800000)
 concurrent-mark-sweep perm gen total 157160K, used 92002K [0xa6800000, 0xb017a000, 0xb3000000)
}
Event: 27013.187 GC heap before
{Heap before GC invocations=3420 (full 37):
 par new generation   total 118016K, used 118016K [0x86800000, 0x8e800000, 0x8e800000)
  eden space 104960K, 100% used [0x86800000, 0x8ce80000, 0x8ce80000)
  from space 13056K, 100% used [0x8db40000, 0x8e800000, 0x8e800000)
  to   space 13056K,   0% used [0x8ce80000, 0x8ce80000, 0x8db40000)
 concurrent mark-sweep generation total 393216K, used 346785K [0x8e800000, 0xa6800000, 0xa6800000)
 concurrent-mark-sweep perm gen total 157160K, used 92029K [0xa6800000, 0xb017a000, 0xb3000000)
Event: 27013.330 GC heap after
Heap after GC invocations=3421 (full 37):
 par new generation   total 118016K, used 10392K [0x86800000, 0x8e800000, 0x8e800000)
  eden space 104960K,   0% used [0x86800000, 0x86800000, 0x8ce80000)
  from space 13056K,  79% used [0x8ce80000, 0x8d8a6278, 0x8db40000)
  to   space 13056K,   0% used [0x8db40000, 0x8db40000, 0x8e800000)
 concurrent mark-sweep generation total 393216K, used 359737K [0x8e800000, 0xa6800000, 0xa6800000)
 concurrent-mark-sweep perm gen total 157160K, used 92029K [0xa6800000, 0xb017a000, 0xb3000000)
}
Event: 27067.462 GC heap before
{Heap before GC invocations=3421 (full 37):
 par new generation   total 118016K, used 115352K [0x86800000, 0x8e800000, 0x8e800000)
  eden space 104960K, 100% used [0x86800000, 0x8ce80000, 0x8ce80000)
  from space 13056K,  79% used [0x8ce80000, 0x8d8a6278, 0x8db40000)
  to   space 13056K,   0% used [0x8db40000, 0x8db40000, 0x8e800000)
 concurrent mark-sweep generation total 393216K, used 313017K [0x8e800000, 0xa6800000, 0xa6800000)
 concurrent-mark-sweep perm gen total 157160K, used 92029K [0xa6800000, 0xb017a000, 0xb3000000)
Event: 27067.521 GC heap after
Heap after GC invocations=3422 (full 37):
 par new generation   total 118016K, used 13056K [0x86800000, 0x8e800000, 0x8e800000)
  eden space 104960K,   0% used [0x86800000, 0x86800000, 0x8ce80000)
  from space 13056K, 100% used [0x8db40000, 0x8e800000, 0x8e800000)
  to   space 13056K,   0% used [0x8ce80000, 0x8ce80000, 0x8db40000)
 concurrent mark-sweep generation total 393216K, used 313062K [0x8e800000, 0xa6800000, 0xa6800000)
 concurrent-mark-sweep perm gen total 157160K, used 92029K [0xa6800000, 0xb017a000, 0xb3000000)
}
Event: 27072.214 GC heap before
{Heap before GC invocations=3422 (full 37):
 par new generation   total 118016K, used 118016K [0x86800000, 0x8e800000, 0x8e800000)
  eden space 104960K, 100% used [0x86800000, 0x8ce80000, 0x8ce80000)
  from space 13056K, 100% used [0x8db40000, 0x8e800000, 0x8e800000)
  to   space 13056K,   0% used [0x8ce80000, 0x8ce80000, 0x8db40000)
 concurrent mark-sweep generation total 393216K, used 313062K [0x8e800000, 0xa6800000, 0xa6800000)
 concurrent-mark-sweep perm gen total 157160K, used 92034K [0xa6800000, 0xb017a000, 0xb3000000)
Event: 27072.303 GC heap after
Heap after GC invocations=3423 (full 37):
 par new generation   total 118016K, used 12511K [0x86800000, 0x8e800000, 0x8e800000)
  eden space 104960K,   0% used [0x86800000, 0x86800000, 0x8ce80000)
  from space 13056K,  95% used [0x8ce80000, 0x8dab7f20, 0x8db40000)
  to   space 13056K,   0% used [0x8db40000, 0x8db40000, 0x8e800000)
 concurrent mark-sweep generation total 393216K, used 318564K [0x8e800000, 0xa6800000, 0xa6800000)
 concurrent-mark-sweep perm gen total 157160K, used 92034K [0xa6800000, 0xb017a000, 0xb3000000)
}
Event: 27075.687 GC heap before
{Heap before GC invocations=3423 (full 37):
 par new generation   total 118016K, used 117471K [0x86800000, 0x8e800000, 0x8e800000)
  eden space 104960K, 100% used [0x86800000, 0x8ce80000, 0x8ce80000)
  from space 13056K,  95% used [0x8ce80000, 0x8dab7f20, 0x8db40000)
  to   space 13056K,   0% used [0x8db40000, 0x8db40000, 0x8e800000)
 concurrent mark-sweep generation total 393216K, used 318564K [0x8e800000, 0xa6800000, 0xa6800000)
 concurrent-mark-sweep perm gen total 157160K, used 92036K [0xa6800000, 0xb017a000, 0xb3000000)

